Flow report for AES_Penar_Skibiak
Mon Jan 20 19:11:10 2014
Quartus II 32-bit Version 12.0 Build 263 08/02/2012 Service Pack 2 SJ Web Edition


---------------------
; Table of Contents ;
---------------------
  1. Legal Notice
  2. Flow Summary
  3. Flow Settings
  4. Flow Non-Default Global Settings
  5. Flow Elapsed Time
  6. Flow OS Summary
  7. Flow Log



----------------
; Legal Notice ;
----------------
Copyright (C) 1991-2012 Altera Corporation
Your use of Altera Corporation's design tools, logic functions 
and other software and tools, and its AMPP partner logic 
functions, and any output files from any of the foregoing 
(including device programming or simulation files), and any 
associated documentation or information are expressly subject 
to the terms and conditions of the Altera Program License 
Subscription Agreement, Altera MegaCore Function License 
Agreement, or other applicable license agreement, including, 
without limitation, that your use is for the sole purpose of 
programming logic devices manufactured by Altera and sold by 
Altera or its authorized distributors.  Please refer to the 
applicable agreement for further details.



+------------------------------------------------------------------------------------+
; Flow Summary                                                                       ;
+------------------------------------+-----------------------------------------------+
; Flow Status                        ; Successful - Mon Jan 20 19:11:10 2014         ;
; Quartus II 32-bit Version          ; 12.0 Build 263 08/02/2012 SP 2 SJ Web Edition ;
; Revision Name                      ; AES_Penar_Skibiak                             ;
; Top-level Entity Name              ; Main                                          ;
; Family                             ; Cyclone II                                    ;
; Device                             ; EP2C70F896C6                                  ;
; Timing Models                      ; Final                                         ;
; Total logic elements               ; 130 / 68,416 ( < 1 % )                        ;
;     Total combinational functions  ; 127 / 68,416 ( < 1 % )                        ;
;     Dedicated logic registers      ; 65 / 68,416 ( < 1 % )                         ;
; Total registers                    ; 65                                            ;
; Total pins                         ; 32 / 622 ( 5 % )                              ;
; Total virtual pins                 ; 0                                             ;
; Total memory bits                  ; 0 / 1,152,000 ( 0 % )                         ;
; Embedded Multiplier 9-bit elements ; 0 / 300 ( 0 % )                               ;
; Total PLLs                         ; 0 / 4 ( 0 % )                                 ;
+------------------------------------+-----------------------------------------------+


+-----------------------------------------+
; Flow Settings                           ;
+-------------------+---------------------+
; Option            ; Setting             ;
+-------------------+---------------------+
; Start date & time ; 01/20/2014 19:09:23 ;
; Main task         ; Compilation         ;
; Revision Name     ; AES_Penar_Skibiak   ;
+-------------------+---------------------+


+---------------------------------------------------------------------------------------------------------------------------------+
; Flow Non-Default Global Settings                                                                                                ;
+--------------------------------------+---------------------------------------+-------------------+-------------+----------------+
; Assignment Name                      ; Value                                 ; Default Value     ; Entity Name ; Section Id     ;
+--------------------------------------+---------------------------------------+-------------------+-------------+----------------+
; COMPILER_SIGNATURE_ID                ; 73819214372.139024136003296           ; --                ; --          ; --             ;
; EDA_DESIGN_INSTANCE_NAME             ; NA                                    ; --                ; --          ; NewTest        ;
; EDA_NATIVELINK_SIMULATION_TEST_BENCH ; NewTest                               ; --                ; --          ; eda_simulation ;
; EDA_OUTPUT_DATA_FORMAT               ; Vhdl                                  ; --                ; --          ; eda_simulation ;
; EDA_SIMULATION_TOOL                  ; ModelSim-Altera (VHDL)                ; <None>            ; --          ; --             ;
; EDA_TEST_BENCH_ENABLE_STATUS         ; TEST_BENCH_MODE                       ; --                ; --          ; eda_simulation ;
; EDA_TEST_BENCH_FILE                  ; Main.vhd                              ; --                ; --          ; NewTest        ;
; EDA_TEST_BENCH_MODULE_NAME           ; NewTest                               ; --                ; --          ; NewTest        ;
; EDA_TEST_BENCH_NAME                  ; NewTest                               ; --                ; --          ; eda_simulation ;
; MAX_CORE_JUNCTION_TEMP               ; 85                                    ; --                ; --          ; --             ;
; MIN_CORE_JUNCTION_TEMP               ; 0                                     ; --                ; --          ; --             ;
; PARTITION_COLOR                      ; 16764057                              ; --                ; Main        ; Top            ;
; PARTITION_FITTER_PRESERVATION_LEVEL  ; PLACEMENT_AND_ROUTING                 ; --                ; Main        ; Top            ;
; PARTITION_NETLIST_TYPE               ; SOURCE                                ; --                ; Main        ; Top            ;
; POWER_BOARD_THERMAL_MODEL            ; None (CONSERVATIVE)                   ; --                ; --          ; --             ;
; POWER_PRESET_COOLING_SOLUTION        ; 23 MM HEAT SINK WITH 200 LFPM AIRFLOW ; --                ; --          ; --             ;
; PROJECT_OUTPUT_DIRECTORY             ; output_files                          ; --                ; --          ; --             ;
; TOP_LEVEL_ENTITY                     ; Main                                  ; AES_Penar_Skibiak ; --          ; --             ;
+--------------------------------------+---------------------------------------+-------------------+-------------+----------------+


+-------------------------------------------------------------------------------------------------------------------------------+
; Flow Elapsed Time                                                                                                             ;
+---------------------------+--------------+-------------------------+---------------------+------------------------------------+
; Module Name               ; Elapsed Time ; Average Processors Used ; Peak Virtual Memory ; Total CPU Time (on all processors) ;
+---------------------------+--------------+-------------------------+---------------------+------------------------------------+
; Analysis & Synthesis      ; 00:00:14     ; 1.0                     ; 321 MB              ; 00:00:08                           ;
; Fitter                    ; 00:00:43     ; 1.0                     ; 468 MB              ; 00:00:41                           ;
; TimeQuest Timing Analyzer ; 00:00:18     ; 1.0                     ; 254 MB              ; 00:00:04                           ;
; Assembler                 ; 00:00:34     ; 1.0                     ; 293 MB              ; 00:00:21                           ;
; EDA Netlist Writer        ; 00:00:05     ; 1.0                     ; 240 MB              ; 00:00:02                           ;
; Total                     ; 00:01:54     ; --                      ; --                  ; 00:01:16                           ;
+---------------------------+--------------+-------------------------+---------------------+------------------------------------+


+-----------------------------------------------------------------------------------------+
; Flow OS Summary                                                                         ;
+---------------------------+------------------+------------+------------+----------------+
; Module Name               ; Machine Hostname ; OS Name    ; OS Version ; Processor type ;
+---------------------------+------------------+------------+------------+----------------+
; Analysis & Synthesis      ; k424             ; Windows XP ; 5.1        ; i1586          ;
; Fitter                    ; k424             ; Windows XP ; 5.1        ; i1586          ;
; TimeQuest Timing Analyzer ; k424             ; Windows XP ; 5.1        ; i1586          ;
; Assembler                 ; k424             ; Windows XP ; 5.1        ; i1586          ;
; EDA Netlist Writer        ; k424             ; Windows XP ; 5.1        ; i1586          ;
+---------------------------+------------------+------------+------------+----------------+


------------
; Flow Log ;
------------
quartus_map --read_settings_files=on --write_settings_files=off AES_Penar_Skibiak -c AES_Penar_Skibiak
quartus_fit --read_settings_files=off --write_settings_files=off AES_Penar_Skibiak -c AES_Penar_Skibiak
quartus_sta AES_Penar_Skibiak -c AES_Penar_Skibiak
quartus_asm --read_settings_files=off --write_settings_files=off AES_Penar_Skibiak -c AES_Penar_Skibiak
quartus_eda --read_settings_files=off --write_settings_files=off AES_Penar_Skibiak -c AES_Penar_Skibiak



